TN:
SF:src/modules/appointments/services/CreateAppointmentService.ts
FN:35,__decorate
FN:35,__metadata
FN:35,__param
FN:35,__awaiter
FN:35,adopt
FN:35,fulfilled
FN:35,rejected
FN:35,step
FN:35,__generator
FN:35,sent
FN:35,g.<computed>
FN:35,verb
FN:35,step
FN:35,__importDefault
FN:13,CreateAppointmentService
FN:18,CreateAppointmentService.execute
FNF:16
FNH:14
FNDA:1,__decorate
FNDA:1,__metadata
FNDA:1,__param
FNDA:3,__awaiter
FNDA:3,adopt
FNDA:3,fulfilled
FNDA:0,rejected
FNDA:5,step
FNDA:3,__generator
FNDA:3,sent
FNDA:0,g.<computed>
FNDA:9,verb
FNDA:6,step
FNDA:1,__importDefault
FNDA:2,CreateAppointmentService
FNDA:3,CreateAppointmentService.execute
DA:1,1
DA:2,1
DA:3,1
DA:4,1
DA:5,1
DA:6,1
DA:7,1
DA:8,1
DA:9,1
DA:10,1
DA:11,1
DA:12,1
DA:13,1
DA:14,2
DA:15,2
DA:16,2
DA:17,1
DA:18,1
DA:19,3
DA:20,3
DA:21,3
DA:22,3
DA:23,3
DA:24,3
DA:25,2
DA:26,2
DA:27,2
DA:28,2
DA:29,2
DA:30,2
DA:31,2
DA:32,3
DA:33,1
DA:34,1
DA:35,1
LF:35
LH:35
BRDA:35,0,0,1
BRDA:35,1,0,1
BRDA:35,2,0,0
BRDA:35,3,0,0
BRDA:35,4,0,0
BRDA:35,5,0,0
BRDA:35,6,0,1
BRDA:35,7,0,1
BRDA:35,8,0,1
BRDA:35,9,0,3
BRDA:35,10,0,3
BRDA:35,11,0,0
BRDA:35,12,0,3
BRDA:35,13,0,3
BRDA:35,14,0,2
BRDA:35,15,0,1
BRDA:35,16,0,5
BRDA:35,17,0,2
BRDA:35,18,0,3
BRDA:35,19,0,3
BRDA:35,20,0,3
BRDA:35,21,0,0
BRDA:35,22,0,9
BRDA:35,23,0,6
BRDA:35,24,0,6
BRDA:35,25,0,0
BRDA:35,26,0,12
BRDA:35,27,0,0
BRDA:35,28,0,0
BRDA:35,29,0,0
BRDA:35,30,0,0
BRDA:35,31,0,6
BRDA:35,32,0,6
BRDA:35,33,0,3
BRDA:35,34,0,0
BRDA:35,35,0,0
BRDA:35,36,0,3
BRDA:35,37,0,0
BRDA:35,38,0,2
BRDA:35,39,0,0
BRDA:35,40,0,0
BRDA:35,41,0,0
BRDA:35,42,0,0
BRDA:35,43,0,6
BRDA:35,44,0,5
BRDA:35,45,0,1
BRDA:35,46,0,6
BRDA:35,47,0,3
BRDA:35,48,0,1
BRDA:35,49,0,2
BRDA:35,50,0,0
BRDA:35,51,0,1
BRDA:35,52,0,0
BRDA:12,53,0,1
BRDA:13,54,0,2
BRDA:18,55,0,3
BRDA:35,56,0,3
BRDA:35,57,0,6
BRDA:19,58,0,3
BRDA:35,59,0,3
BRDA:24,60,0,1
BRDA:24,61,0,2
BRF:62
BRH:42
end_of_record
TN:
SF:src/modules/user/services/AuthenticateUserService.ts
FN:58,__decorate
FN:58,__metadata
FN:58,__param
FN:58,__awaiter
FN:58,adopt
FN:58,fulfilled
FN:58,rejected
FN:58,step
FN:58,__generator
FN:58,sent
FN:58,g.<computed>
FN:58,verb
FN:58,step
FN:58,__importDefault
FN:20,AuthenticateUserService
FN:28,AuthenticateUserService.execute
FNF:16
FNH:14
FNDA:1,__decorate
FNDA:1,__metadata
FNDA:2,__param
FNDA:3,__awaiter
FNDA:5,adopt
FNDA:5,fulfilled
FNDA:0,rejected
FNDA:6,step
FNDA:3,__generator
FNDA:5,sent
FNDA:0,g.<computed>
FNDA:9,verb
FNDA:8,step
FNDA:2,__importDefault
FNDA:3,AuthenticateUserService
FNDA:3,AuthenticateUserService.execute
DA:1,1
DA:2,1
DA:3,1
DA:4,1
DA:5,1
DA:6,1
DA:7,1
DA:8,1
DA:9,1
DA:10,1
DA:11,1
DA:12,1
DA:13,1
DA:14,1
DA:15,1
DA:16,1
DA:17,1
DA:18,1
DA:19,1
DA:20,1
DA:21,3
DA:22,3
DA:23,3
DA:24,3
DA:25,3
DA:26,3
DA:27,1
DA:28,1
DA:29,3
DA:30,3
DA:31,3
DA:32,1
DA:33,1
DA:34,2
DA:35,2
DA:36,2
DA:37,2
DA:38,2
DA:39,3
DA:40,3
DA:41,1
DA:42,1
DA:43,1
DA:44,1
DA:45,1
DA:46,1
DA:47,1
DA:48,1
DA:49,1
DA:50,1
DA:51,1
DA:52,1
DA:53,1
DA:54,1
DA:55,3
DA:56,1
DA:57,1
DA:58,1
LF:58
LH:58
BRDA:58,0,0,1
BRDA:58,1,0,1
BRDA:58,2,0,0
BRDA:58,3,0,0
BRDA:58,4,0,0
BRDA:58,5,0,0
BRDA:58,6,0,1
BRDA:58,7,0,2
BRDA:58,8,0,2
BRDA:58,9,0,3
BRDA:58,10,0,5
BRDA:58,11,0,0
BRDA:58,12,0,3
BRDA:58,13,0,5
BRDA:58,14,0,3
BRDA:58,15,0,2
BRDA:58,16,0,6
BRDA:58,17,0,1
BRDA:58,18,0,5
BRDA:58,19,0,3
BRDA:58,20,0,5
BRDA:58,21,0,0
BRDA:58,22,0,9
BRDA:58,23,0,8
BRDA:58,24,0,8
BRDA:58,25,0,0
BRDA:58,26,0,16
BRDA:58,27,0,0
BRDA:58,28,0,0
BRDA:58,29,0,0
BRDA:58,30,0,0
BRDA:58,31,0,8
BRDA:58,32,0,8
BRDA:58,33,0,5
BRDA:58,34,0,0
BRDA:58,35,0,0
BRDA:58,36,0,3
BRDA:58,37,0,0
BRDA:58,38,0,1
BRDA:58,39,0,0
BRDA:58,40,0,0
BRDA:58,41,0,0
BRDA:58,42,0,0
BRDA:58,43,0,8
BRDA:58,44,0,6
BRDA:58,45,0,2
BRDA:58,46,0,8
BRDA:58,47,0,3
BRDA:58,48,0,2
BRDA:58,49,0,1
BRDA:58,50,0,0
BRDA:58,51,0,2
BRDA:58,52,0,0
BRDA:19,53,0,1
BRDA:20,54,0,3
BRDA:28,55,0,3
BRDA:58,56,0,3
BRDA:58,57,0,8
BRDA:29,58,0,3
BRDA:58,59,0,3
BRDA:31,60,0,1
BRDA:33,61,0,2
BRDA:58,62,0,2
BRDA:40,63,0,1
BRF:64
BRH:44
end_of_record
TN:
SF:src/modules/user/services/CreateUserService.ts
FN:42,__decorate
FN:42,__metadata
FN:42,__param
FN:42,__awaiter
FN:42,adopt
FN:42,fulfilled
FN:42,rejected
FN:42,step
FN:42,__generator
FN:42,sent
FN:42,g.<computed>
FN:42,verb
FN:42,step
FN:42,__importDefault
FN:15,CreateUserService
FN:23,CreateUserService.execute
FNF:16
FNH:14
FNDA:2,__decorate
FNDA:2,__metadata
FNDA:4,__param
FNDA:5,__awaiter
FNDA:13,adopt
FNDA:13,fulfilled
FNDA:0,rejected
FNDA:17,step
FNDA:5,__generator
FNDA:13,sent
FNDA:0,g.<computed>
FNDA:15,verb
FNDA:18,step
FNDA:2,__importDefault
FNDA:5,CreateUserService
FNDA:5,CreateUserService.execute
DA:1,1
DA:2,1
DA:3,1
DA:4,1
DA:5,1
DA:6,1
DA:7,1
DA:8,1
DA:9,1
DA:10,1
DA:11,1
DA:12,1
DA:13,1
DA:14,2
DA:15,2
DA:16,5
DA:17,5
DA:18,5
DA:19,5
DA:20,5
DA:21,5
DA:22,2
DA:23,2
DA:24,5
DA:25,5
DA:26,5
DA:27,1
DA:28,1
DA:29,4
DA:30,4
DA:31,5
DA:32,5
DA:33,5
DA:34,5
DA:35,5
DA:36,5
DA:37,5
DA:38,5
DA:39,5
DA:40,2
DA:41,1
DA:42,1
LF:42
LH:42
BRDA:42,0,0,2
BRDA:42,1,0,2
BRDA:42,2,0,0
BRDA:42,3,0,0
BRDA:42,4,0,0
BRDA:42,5,0,0
BRDA:42,6,0,2
BRDA:42,7,0,4
BRDA:42,8,0,4
BRDA:42,9,0,5
BRDA:42,10,0,13
BRDA:42,11,0,0
BRDA:42,12,0,5
BRDA:42,13,0,13
BRDA:42,14,0,12
BRDA:42,15,0,1
BRDA:42,16,0,17
BRDA:42,17,0,4
BRDA:42,18,0,13
BRDA:42,19,0,5
BRDA:42,20,0,13
BRDA:42,21,0,0
BRDA:42,22,0,15
BRDA:42,23,0,18
BRDA:42,24,0,18
BRDA:42,25,0,0
BRDA:42,26,0,36
BRDA:42,27,0,0
BRDA:42,28,0,0
BRDA:42,29,0,0
BRDA:42,30,0,0
BRDA:42,31,0,18
BRDA:42,32,0,18
BRDA:42,33,0,13
BRDA:42,34,0,0
BRDA:42,35,0,0
BRDA:42,36,0,5
BRDA:42,37,0,0
BRDA:42,38,0,4
BRDA:42,39,0,0
BRDA:42,40,0,0
BRDA:42,41,0,0
BRDA:42,42,0,0
BRDA:42,43,0,28
BRDA:42,44,0,18
BRDA:42,45,0,17
BRDA:42,46,0,1
BRDA:42,47,0,18
BRDA:42,48,0,5
BRDA:42,49,0,1
BRDA:42,50,0,4
BRDA:42,51,0,0
BRDA:42,52,0,2
BRDA:42,53,0,0
BRDA:14,54,0,2
BRDA:15,55,0,5
BRDA:23,56,0,5
BRDA:42,57,0,5
BRDA:42,58,0,18
BRDA:24,59,0,5
BRDA:42,60,0,5
BRDA:26,61,0,1
BRDA:28,62,0,4
BRDA:42,63,0,4
BRDA:42,64,0,4
BRF:65
BRH:45
end_of_record
TN:
SF:src/modules/user/services/RecoveryPasswordService.ts
FN:58,__decorate
FN:58,__metadata
FN:58,__param
FN:58,__awaiter
FN:58,adopt
FN:58,fulfilled
FN:58,rejected
FN:58,step
FN:58,__generator
FN:58,sent
FN:58,g.<computed>
FN:58,verb
FN:58,step
FN:58,__importDefault
FN:14,RecoveryPasswordService
FN:25,RecoveryPasswordService.execute
FNF:16
FNH:14
FNDA:1,__decorate
FNDA:1,__metadata
FNDA:3,__param
FNDA:3,__awaiter
FNDA:7,adopt
FNDA:7,fulfilled
FNDA:0,rejected
FNDA:9,step
FNDA:3,__generator
FNDA:7,sent
FNDA:0,g.<computed>
FNDA:9,verb
FNDA:10,step
FNDA:2,__importDefault
FNDA:3,RecoveryPasswordService
FNDA:3,RecoveryPasswordService.execute
DA:1,1
DA:2,1
DA:3,1
DA:4,1
DA:5,1
DA:6,1
DA:7,1
DA:8,1
DA:9,1
DA:10,1
DA:11,1
DA:12,1
DA:13,1
DA:14,1
DA:15,3
DA:16,3
DA:17,3
DA:18,3
DA:19,3
DA:20,3
DA:21,3
DA:22,3
DA:23,3
DA:24,1
DA:25,1
DA:26,3
DA:27,3
DA:28,3
DA:29,1
DA:30,1
DA:31,2
DA:32,2
DA:33,3
DA:34,3
DA:35,3
DA:36,3
DA:37,3
DA:38,3
DA:39,3
DA:40,3
DA:41,3
DA:42,3
DA:43,3
DA:44,3
DA:45,3
DA:46,3
DA:47,3
DA:48,3
DA:49,3
DA:50,3
DA:51,3
DA:52,3
DA:53,3
DA:54,3
DA:55,3
DA:56,1
DA:57,1
DA:58,1
LF:58
LH:58
BRDA:58,0,0,1
BRDA:58,1,0,1
BRDA:58,2,0,0
BRDA:58,3,0,0
BRDA:58,4,0,0
BRDA:58,5,0,0
BRDA:58,6,0,1
BRDA:58,7,0,3
BRDA:58,8,0,3
BRDA:58,9,0,3
BRDA:58,10,0,7
BRDA:58,11,0,0
BRDA:58,12,0,3
BRDA:58,13,0,7
BRDA:58,14,0,6
BRDA:58,15,0,1
BRDA:58,16,0,9
BRDA:58,17,0,2
BRDA:58,18,0,7
BRDA:58,19,0,3
BRDA:58,20,0,7
BRDA:58,21,0,0
BRDA:58,22,0,9
BRDA:58,23,0,10
BRDA:58,24,0,10
BRDA:58,25,0,0
BRDA:58,26,0,20
BRDA:58,27,0,0
BRDA:58,28,0,0
BRDA:58,29,0,0
BRDA:58,30,0,0
BRDA:58,31,0,10
BRDA:58,32,0,10
BRDA:58,33,0,7
BRDA:58,34,0,0
BRDA:58,35,0,0
BRDA:58,36,0,3
BRDA:58,37,0,0
BRDA:58,38,0,2
BRDA:58,39,0,0
BRDA:58,40,0,0
BRDA:58,41,0,0
BRDA:58,42,0,0
BRDA:58,43,0,10
BRDA:58,44,0,9
BRDA:58,45,0,1
BRDA:58,46,0,10
BRDA:58,47,0,3
BRDA:58,48,0,1
BRDA:58,49,0,2
BRDA:58,50,0,0
BRDA:58,51,0,2
BRDA:58,52,0,1
BRDA:58,53,0,1
BRDA:13,54,0,1
BRDA:14,55,0,3
BRDA:25,56,0,3
BRDA:58,57,0,3
BRDA:58,58,0,10
BRDA:26,59,0,3
BRDA:58,60,0,3
BRDA:28,61,0,1
BRDA:30,62,0,2
BRDA:58,63,0,2
BRDA:58,64,0,2
BRF:65
BRH:46
end_of_record
TN:
SF:src/modules/user/services/ResetPasswordService.ts
FN:52,__decorate
FN:52,__metadata
FN:52,__param
FN:52,__awaiter
FN:52,adopt
FN:52,fulfilled
FN:52,rejected
FN:52,step
FN:52,__generator
FN:52,sent
FN:52,g.<computed>
FN:52,verb
FN:52,step
FN:52,__importDefault
FN:15,ResetPasswordService
FN:26,ResetPasswordService.execute
FNF:16
FNH:14
FNDA:1,__decorate
FNDA:1,__metadata
FNDA:3,__param
FNDA:4,__awaiter
FNDA:9,adopt
FNDA:9,fulfilled
FNDA:0,rejected
FNDA:10,step
FNDA:4,__generator
FNDA:9,sent
FNDA:0,g.<computed>
FNDA:12,verb
FNDA:13,step
FNDA:1,__importDefault
FNDA:4,ResetPasswordService
FNDA:4,ResetPasswordService.execute
DA:1,1
DA:2,1
DA:3,1
DA:4,1
DA:5,1
DA:6,1
DA:7,1
DA:8,1
DA:9,1
DA:10,1
DA:11,1
DA:12,1
DA:13,1
DA:14,1
DA:15,1
DA:16,4
DA:17,4
DA:18,4
DA:19,4
DA:20,4
DA:21,4
DA:22,4
DA:23,4
DA:24,4
DA:25,1
DA:26,1
DA:27,4
DA:28,4
DA:29,4
DA:30,1
DA:31,1
DA:32,3
DA:33,3
DA:34,4
DA:35,4
DA:36,1
DA:37,1
DA:38,2
DA:39,2
DA:40,2
DA:41,2
DA:42,4
DA:43,1
DA:44,1
DA:45,1
DA:46,1
DA:47,4
DA:48,4
DA:49,4
DA:50,1
DA:51,1
DA:52,1
LF:52
LH:52
BRDA:52,0,0,1
BRDA:52,1,0,1
BRDA:52,2,0,0
BRDA:52,3,0,0
BRDA:52,4,0,0
BRDA:52,5,0,0
BRDA:52,6,0,1
BRDA:52,7,0,3
BRDA:52,8,0,3
BRDA:52,9,0,4
BRDA:52,10,0,9
BRDA:52,11,0,0
BRDA:52,12,0,4
BRDA:52,13,0,9
BRDA:52,14,0,6
BRDA:52,15,0,3
BRDA:52,16,0,10
BRDA:52,17,0,1
BRDA:52,18,0,9
BRDA:52,19,0,4
BRDA:52,20,0,9
BRDA:52,21,0,0
BRDA:52,22,0,12
BRDA:52,23,0,13
BRDA:52,24,0,13
BRDA:52,25,0,0
BRDA:52,26,0,26
BRDA:52,27,0,0
BRDA:52,28,0,0
BRDA:52,29,0,0
BRDA:52,30,0,0
BRDA:52,31,0,13
BRDA:52,32,0,13
BRDA:52,33,0,9
BRDA:52,34,0,0
BRDA:52,35,0,0
BRDA:52,36,0,4
BRDA:52,37,0,0
BRDA:52,38,0,1
BRDA:52,39,0,0
BRDA:52,40,0,0
BRDA:52,41,0,0
BRDA:52,42,0,0
BRDA:52,43,0,13
BRDA:52,44,0,10
BRDA:52,45,0,3
BRDA:52,46,0,13
BRDA:52,47,0,4
BRDA:52,48,0,3
BRDA:52,49,0,1
BRDA:52,50,0,0
BRDA:52,51,0,1
BRDA:52,52,0,0
BRDA:14,53,0,1
BRDA:15,54,0,4
BRDA:26,55,0,4
BRDA:52,56,0,4
BRDA:52,57,0,13
BRDA:27,58,0,4
BRDA:52,59,0,4
BRDA:29,60,0,1
BRDA:31,61,0,3
BRDA:52,62,0,3
BRDA:35,63,0,1
BRDA:37,64,0,2
BRDA:42,65,0,1
BRDA:52,66,0,1
BRDA:52,67,0,1
BRF:68
BRH:48
end_of_record
TN:
SF:src/modules/user/services/UpdateUserAvatarService.ts
FN:46,__decorate
FN:46,__metadata
FN:46,__param
FN:46,__awaiter
FN:46,adopt
FN:46,fulfilled
FN:46,rejected
FN:46,step
FN:46,__generator
FN:46,sent
FN:46,g.<computed>
FN:46,verb
FN:46,step
FN:46,__importDefault
FN:17,UpdateUserAvatarService
FN:25,UpdateUserAvatarService.execute
FNF:16
FNH:14
FNDA:1,__decorate
FNDA:1,__metadata
FNDA:2,__param
FNDA:4,__awaiter
FNDA:11,adopt
FNDA:11,fulfilled
FNDA:0,rejected
FNDA:14,step
FNDA:4,__generator
FNDA:11,sent
FNDA:0,g.<computed>
FNDA:12,verb
FNDA:15,step
FNDA:1,__importDefault
FNDA:3,UpdateUserAvatarService
FNDA:4,UpdateUserAvatarService.execute
DA:1,1
DA:2,1
DA:3,1
DA:4,1
DA:5,1
DA:6,1
DA:7,1
DA:8,1
DA:9,1
DA:10,1
DA:11,1
DA:12,1
DA:13,1
DA:14,1
DA:15,1
DA:16,1
DA:17,1
DA:18,3
DA:19,3
DA:20,3
DA:21,3
DA:22,3
DA:23,3
DA:24,1
DA:25,1
DA:26,4
DA:27,4
DA:28,4
DA:29,1
DA:30,1
DA:31,3
DA:32,3
DA:33,1
DA:34,4
DA:35,4
DA:36,4
DA:37,4
DA:38,4
DA:39,4
DA:40,4
DA:41,4
DA:42,4
DA:43,4
DA:44,1
DA:45,1
DA:46,1
LF:46
LH:46
BRDA:46,0,0,1
BRDA:46,1,0,1
BRDA:46,2,0,0
BRDA:46,3,0,0
BRDA:46,4,0,0
BRDA:46,5,0,0
BRDA:46,6,0,1
BRDA:46,7,0,2
BRDA:46,8,0,2
BRDA:46,9,0,4
BRDA:46,10,0,11
BRDA:46,11,0,0
BRDA:46,12,0,4
BRDA:46,13,0,11
BRDA:46,14,0,10
BRDA:46,15,0,1
BRDA:46,16,0,14
BRDA:46,17,0,3
BRDA:46,18,0,11
BRDA:46,19,0,4
BRDA:46,20,0,11
BRDA:46,21,0,0
BRDA:46,22,0,12
BRDA:46,23,0,15
BRDA:46,24,0,15
BRDA:46,25,0,0
BRDA:46,26,0,32
BRDA:46,27,0,0
BRDA:46,28,0,0
BRDA:46,29,0,0
BRDA:46,30,0,0
BRDA:46,31,0,15
BRDA:46,32,0,15
BRDA:46,33,0,11
BRDA:46,34,0,0
BRDA:46,35,0,0
BRDA:46,36,0,6
BRDA:46,37,0,0
BRDA:46,38,0,5
BRDA:46,39,0,4
BRDA:46,40,0,2
BRDA:46,41,0,0
BRDA:46,42,0,2
BRDA:46,43,0,0
BRDA:46,44,0,0
BRDA:46,45,0,0
BRDA:46,46,0,17
BRDA:46,47,0,16
BRDA:46,48,0,1
BRDA:46,49,0,17
BRDA:46,50,0,4
BRDA:46,51,0,1
BRDA:46,52,0,3
BRDA:46,53,0,0
BRDA:46,54,0,1
BRDA:46,55,0,0
BRDA:16,56,0,1
BRDA:17,57,0,3
BRDA:25,58,0,4
BRDA:46,59,0,4
BRDA:46,60,0,17
BRDA:26,61,0,4
BRDA:46,62,0,4
BRDA:28,63,0,1
BRDA:30,64,0,3
BRDA:32,65,0,2
BRDA:32,66,0,1
BRDA:46,67,0,1
BRDA:36,68,0,3
BRDA:46,69,0,3
BRDA:46,70,0,3
BRF:71
BRH:51
end_of_record
